Traceback (most recent call last):
  File "/usr/local/lib/python3.10/dist-packages/jupyter_cache/executors/utils.py", line 58, in single_nb_execution
    executenb(
  File "/usr/local/lib/python3.10/dist-packages/nbclient/client.py", line 1256, in execute
    return NotebookClient(nb=nb, resources=resources, km=km, **kwargs).execute()
  File "/usr/local/lib/python3.10/dist-packages/nbclient/util.py", line 87, in wrapped
    return just_run(coro(*args, **kwargs))
  File "/usr/local/lib/python3.10/dist-packages/nbclient/util.py", line 62, in just_run
    return loop.run_until_complete(coro)
  File "/usr/lib/python3.10/asyncio/base_events.py", line 649, in run_until_complete
    return future.result()
  File "/usr/local/lib/python3.10/dist-packages/nbclient/client.py", line 694, in async_execute
    await self.async_execute_cell(
  File "/usr/local/lib/python3.10/dist-packages/nbclient/client.py", line 1012, in async_execute_cell
    await self._check_raise_for_error(cell, cell_index, exec_reply)
  File "/usr/local/lib/python3.10/dist-packages/nbclient/client.py", line 906, in _check_raise_for_error
    raise CellExecutionError.from_cell_and_msg(cell, exec_reply_content)
nbclient.exceptions.CellExecutionError: An error occurred while executing the following cell:
------------------
params = {ka:1,kb:10}
R = R.subs(params); RL = RL.subs(params); RLL = RLL.subs(params)
print('R   =',R); print('RL  =',RL); print('RLL =',RLL)

vReq = [(L, R(L)) for L in [0.01,0.1,1,10,100]]
pReq = points(vReq, rgbcolor=(0.2,0.6, 0.1), pointsize=30)
pRLeq  = plot_semilogx(RL, (L, Lmin, Lmax), rgbcolor=(0,0,0), linestyle="--")
pRLLeq = plot_semilogx(RLL,(L, Lmin, Lmax), rgbcolor=(0,0,0), linestyle="--")

show(pR+pRL+pRLL + pReq+pRLeq+pRLLeq)

------------------

[0;31m---------------------------------------------------------------------------[0m
[0;31mTypeError[0m                                 Traceback (most recent call last)
Cell [0;32mIn [6], line 5[0m
[1;32m      2[0m R [38;5;241m=[39m R[38;5;241m.[39msubs(params); RL [38;5;241m=[39m RL[38;5;241m.[39msubs(params); RLL [38;5;241m=[39m RLL[38;5;241m.[39msubs(params)
[1;32m      3[0m [38;5;28mprint[39m([38;5;124m'[39m[38;5;124mR   =[39m[38;5;124m'[39m,R); [38;5;28mprint[39m([38;5;124m'[39m[38;5;124mRL  =[39m[38;5;124m'[39m,RL); [38;5;28mprint[39m([38;5;124m'[39m[38;5;124mRLL =[39m[38;5;124m'[39m,RLL)
[0;32m----> 5[0m vReq [38;5;241m=[39m [43m[[49m[43m([49m[43mL[49m[43m,[49m[43m [49m[43mR[49m[43m([49m[43mL[49m[43m)[49m[43m)[49m[43m [49m[38;5;28;43;01mfor[39;49;00m[43m [49m[43mL[49m[43m [49m[38;5;129;43;01min[39;49;00m[43m [49m[43m[[49m[43mRealNumber[49m[43m([49m[38;5;124;43m'[39;49m[38;5;124;43m0.01[39;49m[38;5;124;43m'[39;49m[43m)[49m[43m,[49m[43mRealNumber[49m[43m([49m[38;5;124;43m'[39;49m[38;5;124;43m0.1[39;49m[38;5;124;43m'[39;49m[43m)[49m[43m,[49m[43mInteger[49m[43m([49m[38;5;241;43m1[39;49m[43m)[49m[43m,[49m[43mInteger[49m[43m([49m[38;5;241;43m10[39;49m[43m)[49m[43m,[49m[43mInteger[49m[43m([49m[38;5;241;43m100[39;49m[43m)[49m[43m][49m[43m][49m
[1;32m      6[0m pReq [38;5;241m=[39m points(vReq, rgbcolor[38;5;241m=[39m(RealNumber([38;5;124m'[39m[38;5;124m0.2[39m[38;5;124m'[39m),RealNumber([38;5;124m'[39m[38;5;124m0.6[39m[38;5;124m'[39m), RealNumber([38;5;124m'[39m[38;5;124m0.1[39m[38;5;124m'[39m)), pointsize[38;5;241m=[39mInteger([38;5;241m30[39m))
[1;32m      7[0m pRLeq  [38;5;241m=[39m plot_semilogx(RL, (L, Lmin, Lmax), rgbcolor[38;5;241m=[39m(Integer([38;5;241m0[39m),Integer([38;5;241m0[39m),Integer([38;5;241m0[39m)), linestyle[38;5;241m=[39m[38;5;124m"[39m[38;5;124m--[39m[38;5;124m"[39m)

Cell [0;32mIn [6], line 5[0m, in [0;36m<listcomp>[0;34m(.0)[0m
[1;32m      2[0m R [38;5;241m=[39m R[38;5;241m.[39msubs(params); RL [38;5;241m=[39m RL[38;5;241m.[39msubs(params); RLL [38;5;241m=[39m RLL[38;5;241m.[39msubs(params)
[1;32m      3[0m [38;5;28mprint[39m([38;5;124m'[39m[38;5;124mR   =[39m[38;5;124m'[39m,R); [38;5;28mprint[39m([38;5;124m'[39m[38;5;124mRL  =[39m[38;5;124m'[39m,RL); [38;5;28mprint[39m([38;5;124m'[39m[38;5;124mRLL =[39m[38;5;124m'[39m,RLL)
[0;32m----> 5[0m vReq [38;5;241m=[39m [(L, [43mR[49m[43m([49m[43mL[49m[43m)[49m) [38;5;28;01mfor[39;00m L [38;5;129;01min[39;00m [RealNumber([38;5;124m'[39m[38;5;124m0.01[39m[38;5;124m'[39m),RealNumber([38;5;124m'[39m[38;5;124m0.1[39m[38;5;124m'[39m),Integer([38;5;241m1[39m),Integer([38;5;241m10[39m),Integer([38;5;241m100[39m)]]
[1;32m      6[0m pReq [38;5;241m=[39m points(vReq, rgbcolor[38;5;241m=[39m(RealNumber([38;5;124m'[39m[38;5;124m0.2[39m[38;5;124m'[39m),RealNumber([38;5;124m'[39m[38;5;124m0.6[39m[38;5;124m'[39m), RealNumber([38;5;124m'[39m[38;5;124m0.1[39m[38;5;124m'[39m)), pointsize[38;5;241m=[39mInteger([38;5;241m30[39m))
[1;32m      7[0m pRLeq  [38;5;241m=[39m plot_semilogx(RL, (L, Lmin, Lmax), rgbcolor[38;5;241m=[39m(Integer([38;5;241m0[39m),Integer([38;5;241m0[39m),Integer([38;5;241m0[39m)), linestyle[38;5;241m=[39m[38;5;124m"[39m[38;5;124m--[39m[38;5;124m"[39m)

File [0;32m/ext/sage/10.0/src/sage/symbolic/expression.pyx:6192[0m, in [0;36msage.symbolic.expression.Expression.__call__[0;34m()[0m
[1;32m   6190[0m         z^2 + x^y
[1;32m   6191[0m     """
[0;32m-> 6192[0m     return self._parent._call_element_(self, *args, **kwds)
[1;32m   6193[0m 
[1;32m   6194[0m def variables(self):

File [0;32m/ext/sage/10.0/src/sage/symbolic/ring.pyx:1047[0m, in [0;36msage.symbolic.ring.SymbolicRing._call_element_[0;34m()[0m
[1;32m   1045[0m     d = args[0]
[1;32m   1046[0m else:
[0;32m-> 1047[0m     raise TypeError("Substitution using function-call syntax "
[1;32m   1048[0m                     "and unnamed arguments has been removed. You "
[1;32m   1049[0m                     "can use named arguments instead, like "

[0;31mTypeError[0m: Substitution using function-call syntax and unnamed arguments has been removed. You can use named arguments instead, like EXPR(x=..., y=...)
TypeError: Substitution using function-call syntax and unnamed arguments has been removed. You can use named arguments instead, like EXPR(x=..., y=...)

