Traceback (most recent call last):
  File "/usr/local/lib/python3.10/dist-packages/jupyter_cache/executors/utils.py", line 58, in single_nb_execution
    executenb(
  File "/usr/local/lib/python3.10/dist-packages/nbclient/client.py", line 1256, in execute
    return NotebookClient(nb=nb, resources=resources, km=km, **kwargs).execute()
  File "/usr/local/lib/python3.10/dist-packages/nbclient/util.py", line 87, in wrapped
    return just_run(coro(*args, **kwargs))
  File "/usr/local/lib/python3.10/dist-packages/nbclient/util.py", line 62, in just_run
    return loop.run_until_complete(coro)
  File "/usr/lib/python3.10/asyncio/base_events.py", line 649, in run_until_complete
    return future.result()
  File "/usr/local/lib/python3.10/dist-packages/nbclient/client.py", line 694, in async_execute
    await self.async_execute_cell(
  File "/usr/local/lib/python3.10/dist-packages/nbclient/client.py", line 1012, in async_execute_cell
    await self._check_raise_for_error(cell, cell_index, exec_reply)
  File "/usr/local/lib/python3.10/dist-packages/nbclient/client.py", line 906, in _check_raise_for_error
    raise CellExecutionError.from_cell_and_msg(cell, exec_reply_content)
nbclient.exceptions.CellExecutionError: An error occurred while executing the following cell:
------------------
def add_edge_labels_ver2(G,edge_labels='default',prefix=''):
    r"""
    Add monomials to edges of a graph. 

    [NEED TO WRITE DESCRIPTION]

    """
    if edge_labels=='default':
        if G.to_simple().size() <= 26:
            edge_labels=['a','b','c','d','e','f','g','h','i','j','k','l','m','n','o','p','q','r','s','t','u','v','w','x','y','z']
        else:
            edge_labels=['e%s' %(i) for i in range(G.to_simple().size())]
    remaining_edge_labels=edge_labels
    for e in G.edges(sort=True):
        if edge_labels=='cannonical':
            if G.order() <= 9:
                if prefix=='':
                    G.set_edge_label(e[0],e[1],'(%s,%s)' %(e[0],e[1]))
                else:
                    G.set_edge_label(e[0],e[1],'%s%s%s' %(prefix,e[0],e[1]))
            else:
                if prefix=='':
                    G.set_edge_label(e[0],e[1],'(%s,%s)' %(e[0],e[1]))
                else:
                    G.set_edge_label(e[0],e[1],'%s_%s_%s' %(prefix,e[0],e[1]))
        else:
            if G.is_directed():
                if e[0]<e[1]:
                    edge_label=remaining_edge_labels.pop(0)
                    G.set_edge_label(e[0],e[1],edge_label)
                    G.set_edge_label(e[1],e[0],edge_label+'bar')
            else:
                edge_label=remaining_edge_labels.pop(0)
                G.set_edge_label(e[0],e[1],edge_label)
    return G

mydoc(add_edge_monomials_ver2)
------------------

[0;31m---------------------------------------------------------------------------[0m
[0;31mNameError[0m                                 Traceback (most recent call last)
Cell [0;32mIn [6], line 37[0m
[1;32m     34[0m                 G[38;5;241m.[39mset_edge_label(e[Integer([38;5;241m0[39m)],e[Integer([38;5;241m1[39m)],edge_label)
[1;32m     35[0m     [38;5;28;01mreturn[39;00m G
[0;32m---> 37[0m mydoc([43madd_edge_monomials_ver2[49m)

[0;31mNameError[0m: name 'add_edge_monomials_ver2' is not defined
NameError: name 'add_edge_monomials_ver2' is not defined

