Traceback (most recent call last):
  File "/usr/local/lib/python3.10/dist-packages/jupyter_cache/executors/utils.py", line 58, in single_nb_execution
    executenb(
  File "/usr/local/lib/python3.10/dist-packages/nbclient/client.py", line 1256, in execute
    return NotebookClient(nb=nb, resources=resources, km=km, **kwargs).execute()
  File "/usr/local/lib/python3.10/dist-packages/nbclient/util.py", line 87, in wrapped
    return just_run(coro(*args, **kwargs))
  File "/usr/local/lib/python3.10/dist-packages/nbclient/util.py", line 62, in just_run
    return loop.run_until_complete(coro)
  File "/usr/lib/python3.10/asyncio/base_events.py", line 649, in run_until_complete
    return future.result()
  File "/usr/local/lib/python3.10/dist-packages/nbclient/client.py", line 694, in async_execute
    await self.async_execute_cell(
  File "/usr/local/lib/python3.10/dist-packages/nbclient/client.py", line 1012, in async_execute_cell
    await self._check_raise_for_error(cell, cell_index, exec_reply)
  File "/usr/local/lib/python3.10/dist-packages/nbclient/client.py", line 906, in _check_raise_for_error
    raise CellExecutionError.from_cell_and_msg(cell, exec_reply_content)
nbclient.exceptions.CellExecutionError: An error occurred while executing the following cell:
------------------
kappab = var("kappab", latex_name=r"\kappa_b")
kappac = var("kappac", latex_name=r"\kappa_c")
x = var("x", latex_name=r"x")
G.set_edge_label('a','b',kappab*x)
G.set_edge_label('b','c',kappab*kappac*x^2)
G.show(edge_labels=True,figsize=8)
f=kappab*kappac*x^2
f.show()
show(f)
print(f)
------------------

[0;31m---------------------------------------------------------------------------[0m
[0;31mNameError[0m                                 Traceback (most recent call last)
Cell [0;32mIn [2], line 4[0m
[1;32m      2[0m kappac [38;5;241m=[39m var([38;5;124m"[39m[38;5;124mkappac[39m[38;5;124m"[39m, latex_name[38;5;241m=[39m[38;5;124mr[39m[38;5;124m"[39m[38;5;124m\[39m[38;5;124mkappa_c[39m[38;5;124m"[39m)
[1;32m      3[0m x [38;5;241m=[39m var([38;5;124m"[39m[38;5;124mx[39m[38;5;124m"[39m, latex_name[38;5;241m=[39m[38;5;124mr[39m[38;5;124m"[39m[38;5;124mx[39m[38;5;124m"[39m)
[0;32m----> 4[0m [43mG[49m[38;5;241m.[39mset_edge_label([38;5;124m'[39m[38;5;124ma[39m[38;5;124m'[39m,[38;5;124m'[39m[38;5;124mb[39m[38;5;124m'[39m,kappab[38;5;241m*[39mx)
[1;32m      5[0m G[38;5;241m.[39mset_edge_label([38;5;124m'[39m[38;5;124mb[39m[38;5;124m'[39m,[38;5;124m'[39m[38;5;124mc[39m[38;5;124m'[39m,kappab[38;5;241m*[39mkappac[38;5;241m*[39mx[38;5;241m*[39m[38;5;241m*[39mInteger([38;5;241m2[39m))
[1;32m      6[0m G[38;5;241m.[39mshow(edge_labels[38;5;241m=[39m[38;5;28;01mTrue[39;00m,figsize[38;5;241m=[39mInteger([38;5;241m8[39m))

[0;31mNameError[0m: name 'G' is not defined
NameError: name 'G' is not defined

